1;<org.jfree.chart.plot.CategoryPlot serialization="custom">
  <org.jfree.chart.plot.Plot>
    <default>
      <backgroundAlpha>1.0</backgroundAlpha>
      <backgroundImageAlignment>15</backgroundImageAlignment>
      <backgroundImageAlpha>0.5</backgroundImageAlpha>
      <foregroundAlpha>1.0</foregroundAlpha>
      <notify>true</notify>
      <outlineVisible>true</outlineVisible>
      <drawingSupplier class="org.jfree.chart.plot.DefaultDrawingSupplier" serialization="custom">
        <org.jfree.chart.plot.DefaultDrawingSupplier>
          <default>
            <fillPaintIndex>0</fillPaintIndex>
            <outlinePaintIndex>0</outlinePaintIndex>
            <outlineStrokeIndex>0</outlineStrokeIndex>
            <paintIndex>1</paintIndex>
            <shapeIndex>1</shapeIndex>
            <strokeIndex>1</strokeIndex>
          </default>
          <int>34</int>
          <boolean>false</boolean>
          <java-class>java.awt.Color</java-class>
          <awt-color>
            <red>255</red>
            <green>85</green>
            <blue>85</blue>
            <alpha>255</alpha>
          </awt-color>
          <boolean>false</boolean>
          <java-class>java.awt.Color</java-class>
          <awt-color>
            <red>85</red>
            <green>85</green>
            <blue>255</blue>
            <alpha>255</alpha>
          </awt-color>
          <boolean>false</boolean>
          <java-class>java.awt.Color</java-class>
          <awt-color>
            <red>85</red>
            <green>255</green>
            <blue>85</blue>
            <alpha>255</alpha>
          </awt-color>
          <boolean>false</boolean>
          <java-class>java.awt.Color</java-class>
          <awt-color>
            <red>255</red>
            <green>255</green>
            <blue>85</blue>
            <alpha>255</alpha>
          </awt-color>
          <boolean>false</boolean>
          <java-class>java.awt.Color</java-class>
          <awt-color>
            <red>255</red>
            <green>85</green>
            <blue>255</blue>
            <alpha>255</alpha>
          </awt-color>
          <boolean>false</boolean>
          <java-class>java.awt.Color</java-class>
          <awt-color>
            <red>85</red>
            <green>255</green>
            <blue>255</blue>
            <alpha>255</alpha>
          </awt-color>
          <boolean>false</boolean>
          <java-class>java.awt.Color</java-class>
          <awt-color>
            <red>255</red>
            <green>175</green>
            <blue>175</blue>
            <alpha>255</alpha>
          </awt-color>
          <boolean>false</boolean>
          <java-class>java.awt.Color</java-class>
          <awt-color>
            <red>128</red>
            <green>128</green>
            <blue>128</blue>
            <alpha>255</alpha>
          </awt-color>
          <boolean>false</boolean>
          <java-class>java.awt.Color</java-class>
          <awt-color>
            <red>192</red>
            <green>0</green>
            <blue>0</blue>
            <alpha>255</alpha>
          </awt-color>
          <boolean>false</boolean>
          <java-class>java.awt.Color</java-class>
          <awt-color>
            <red>0</red>
            <green>0</green>
            <blue>192</blue>
            <alpha>255</alpha>
          </awt-color>
          <boolean>false</boolean>
          <java-class>java.awt.Color</java-class>
          <awt-color>
            <red>0</red>
            <green>192</green>
            <blue>0</blue>
            <alpha>255</alpha>
          </awt-color>
          <boolean>false</boolean>
          <java-class>java.awt.Color</java-class>
          <awt-color>
            <red>192</red>
            <green>192</green>
            <blue>0</blue>
            <alpha>255</alpha>
          </awt-color>
          <boolean>false</boolean>
          <java-class>java.awt.Color</java-class>
          <awt-color>
            <red>192</red>
            <green>0</green>
            <blue>192</blue>
            <alpha>255</alpha>
          </awt-color>
          <boolean>false</boolean>
          <java-class>java.awt.Color</java-class>
          <awt-color>
            <red>0</red>
            <green>192</green>
            <blue>192</blue>
            <alpha>255</alpha>
          </awt-color>
          <boolean>false</boolean>
          <java-class>java.awt.Color</java-class>
          <awt-color>
            <red>64</red>
            <green>64</green>
            <blue>64</blue>
            <alpha>255</alpha>
          </awt-color>
          <boolean>false</boolean>
          <java-class>java.awt.Color</java-class>
          <awt-color>
            <red>255</red>
            <green>64</green>
            <blue>64</blue>
            <alpha>255</alpha>
          </awt-color>
          <boolean>false</boolean>
          <java-class>java.awt.Color</java-class>
          <awt-color>
            <red>64</red>
            <green>64</green>
            <blue>255</blue>
            <alpha>255</alpha>
          </awt-color>
          <boolean>false</boolean>
          <java-class>java.awt.Color</java-class>
          <awt-color>
            <red>64</red>
            <green>255</green>
            <blue>64</blue>
            <alpha>255</alpha>
          </awt-color>
          <boolean>false</boolean>
          <java-class>java.awt.Color</java-class>
          <awt-color>
            <red>255</red>
            <green>255</green>
            <blue>64</blue>
            <alpha>255</alpha>
          </awt-color>
          <boolean>false</boolean>
          <java-class>java.awt.Color</java-class>
          <awt-color>
            <red>255</red>
            <green>64</green>
            <blue>255</blue>
            <alpha>255</alpha>
          </awt-color>
          <boolean>false</boolean>
          <java-class>java.awt.Color</java-class>
          <awt-color>
            <red>64</red>
            <green>255</green>
            <blue>255</blue>
            <alpha>255</alpha>
          </awt-color>
          <boolean>false</boolean>
          <java-class>java.awt.Color</java-class>
          <awt-color>
            <red>192</red>
            <green>192</green>
            <blue>192</blue>
            <alpha>255</alpha>
          </awt-color>
          <boolean>false</boolean>
          <java-class>java.awt.Color</java-class>
          <awt-color>
            <red>128</red>
            <green>0</green>
            <blue>0</blue>
            <alpha>255</alpha>
          </awt-color>
          <boolean>false</boolean>
          <java-class>java.awt.Color</java-class>
          <awt-color>
            <red>0</red>
            <green>0</green>
            <blue>128</blue>
            <alpha>255</alpha>
          </awt-color>
          <boolean>false</boolean>
          <java-class>java.awt.Color</java-class>
          <awt-color>
            <red>0</red>
            <green>128</green>
            <blue>0</blue>
            <alpha>255</alpha>
          </awt-color>
          <boolean>false</boolean>
          <java-class>java.awt.Color</java-class>
          <awt-color>
            <red>128</red>
            <green>128</green>
            <blue>0</blue>
            <alpha>255</alpha>
          </awt-color>
          <boolean>false</boolean>
          <java-class>java.awt.Color</java-class>
          <awt-color>
            <red>128</red>
            <green>0</green>
            <blue>128</blue>
            <alpha>255</alpha>
          </awt-color>
          <boolean>false</boolean>
          <java-class>java.awt.Color</java-class>
          <awt-color>
            <red>0</red>
            <green>128</green>
            <blue>128</blue>
            <alpha>255</alpha>
          </awt-color>
          <boolean>false</boolean>
          <java-class>java.awt.Color</java-class>
          <awt-color>
            <red>255</red>
            <green>128</green>
            <blue>128</blue>
            <alpha>255</alpha>
          </awt-color>
          <boolean>false</boolean>
          <java-class>java.awt.Color</java-class>
          <awt-color>
            <red>128</red>
            <green>128</green>
            <blue>255</blue>
            <alpha>255</alpha>
          </awt-color>
          <boolean>false</boolean>
          <java-class>java.awt.Color</java-class>
          <awt-color>
            <red>128</red>
            <green>255</green>
            <blue>128</blue>
            <alpha>255</alpha>
          </awt-color>
          <boolean>false</boolean>
          <java-class>java.awt.Color</java-class>
          <awt-color>
            <red>255</red>
            <green>255</green>
            <blue>128</blue>
            <alpha>255</alpha>
          </awt-color>
          <boolean>false</boolean>
          <java-class>java.awt.Color</java-class>
          <awt-color>
            <red>255</red>
            <green>128</green>
            <blue>255</blue>
            <alpha>255</alpha>
          </awt-color>
          <boolean>false</boolean>
          <java-class>java.awt.Color</java-class>
          <awt-color>
            <red>128</red>
            <green>255</green>
            <blue>255</blue>
            <alpha>255</alpha>
          </awt-color>
          <int>1</int>
          <boolean>false</boolean>
          <java-class>java.awt.Color</java-class>
          <awt-color reference="../awt-color[22]"/>
          <int>1</int>
          <boolean>false</boolean>
          <java-class>java.awt.BasicStroke</java-class>
          <float>1.0</float>
          <int>2</int>
          <int>2</int>
          <float>10.0</float>
          <null/>
          <float>0.0</float>
          <int>1</int>
          <boolean>false</boolean>
          <java-class>java.awt.BasicStroke</java-class>
          <float>1.0</float>
          <int>2</int>
          <int>2</int>
          <float>10.0</float>
          <null/>
          <float>0.0</float>
          <int>10</int>
          <boolean>false</boolean>
          <java-class>java.awt.geom.Rectangle2D</java-class>
          <double>-3.0</double>
          <double>-3.0</double>
          <double>6.0</double>
          <double>6.0</double>
          <boolean>false</boolean>
          <java-class>java.awt.geom.Ellipse2D</java-class>
          <double>-3.0</double>
          <double>-3.0</double>
          <double>6.0</double>
          <double>6.0</double>
          <boolean>false</boolean>
          <java-class>java.awt.Polygon</java-class>
          <java.awt.Polygon>
            <npoints>3</npoints>
            <xpoints>
              <int>0</int>
              <int>3</int>
              <int>-3</int>
            </xpoints>
            <ypoints>
              <int>-3</int>
              <int>3</int>
              <int>3</int>
            </ypoints>
          </java.awt.Polygon>
          <boolean>false</boolean>
          <java-class>java.awt.Polygon</java-class>
          <java.awt.Polygon>
            <npoints>4</npoints>
            <xpoints>
              <int>0</int>
              <int>3</int>
              <int>0</int>
              <int>-3</int>
            </xpoints>
            <ypoints>
              <int>-3</int>
              <int>0</int>
              <int>3</int>
              <int>0</int>
            </ypoints>
          </java.awt.Polygon>
          <boolean>false</boolean>
          <java-class>java.awt.geom.Rectangle2D</java-class>
          <double>-3.0</double>
          <double>-1.5</double>
          <double>6.0</double>
          <double>3.0</double>
          <boolean>false</boolean>
          <java-class>java.awt.Polygon</java-class>
          <java.awt.Polygon>
            <npoints>3</npoints>
            <xpoints>
              <int>-3</int>
              <int>3</int>
              <int>0</int>
            </xpoints>
            <ypoints>
              <int>-3</int>
              <int>-3</int>
              <int>3</int>
            </ypoints>
          </java.awt.Polygon>
          <boolean>false</boolean>
          <java-class>java.awt.geom.Ellipse2D</java-class>
          <double>-3.0</double>
          <double>-1.5</double>
          <double>6.0</double>
          <double>3.0</double>
          <boolean>false</boolean>
          <java-class>java.awt.Polygon</java-class>
          <java.awt.Polygon>
            <npoints>3</npoints>
            <xpoints>
              <int>-3</int>
              <int>3</int>
              <int>-3</int>
            </xpoints>
            <ypoints>
              <int>-3</int>
              <int>0</int>
              <int>3</int>
            </ypoints>
          </java.awt.Polygon>
          <boolean>false</boolean>
          <java-class>java.awt.geom.Rectangle2D</java-class>
          <double>-1.5</double>
          <double>-3.0</double>
          <double>3.0</double>
          <double>6.0</double>
          <boolean>false</boolean>
          <java-class>java.awt.Polygon</java-class>
          <java.awt.Polygon>
            <npoints>3</npoints>
            <xpoints>
              <int>-3</int>
              <int>3</int>
              <int>3</int>
            </xpoints>
            <ypoints>
              <int>0</int>
              <int>-3</int>
              <int>3</int>
            </ypoints>
          </java.awt.Polygon>
        </org.jfree.chart.plot.DefaultDrawingSupplier>
      </drawingSupplier>
      <insets>
        <unitType>
          <name>UnitType.ABSOLUTE</name>
        </unitType>
        <top>4.0</top>
        <left>8.0</left>
        <bottom>4.0</bottom>
        <right>8.0</right>
      </insets>
      <noDataMessageFont>
        <family class="string">Tahoma</family>
        <transform class="null"/>
        <superscript class="null"/>
        <size class="null"/>
        <tracking class="null"/>
        <weight class="null"/>
        <posture class="null"/>
        <width class="null"/>
      </noDataMessageFont>
    </default>
    <boolean>false</boolean>
    <java-class>java.awt.Color</java-class>
    <awt-color>
      <red>0</red>
      <green>0</green>
      <blue>0</blue>
      <alpha>255</alpha>
    </awt-color>
    <boolean>false</boolean>
    <java-class>java.awt.BasicStroke</java-class>
    <float>0.5</float>
    <int>1</int>
    <int>1</int>
    <float>10.0</float>
    <null/>
    <float>0.0</float>
    <boolean>false</boolean>
    <java-class>java.awt.Color</java-class>
    <awt-color reference="../default/drawingSupplier/org.jfree.chart.plot.DefaultDrawingSupplier/awt-color[8]"/>
    <boolean>false</boolean>
    <java-class>java.awt.Color</java-class>
    <awt-color reference="../default/drawingSupplier/org.jfree.chart.plot.DefaultDrawingSupplier/awt-color[22]"/>
  </org.jfree.chart.plot.Plot>
  <org.jfree.chart.plot.CategoryPlot>
    <default>
      <anchorValue>0.0</anchorValue>
      <crosshairDatasetIndex>0</crosshairDatasetIndex>
      <domainCrosshairVisible>false</domainCrosshairVisible>
      <domainGridlinesVisible>false</domainGridlinesVisible>
      <drawSharedDomainAxis>false</drawSharedDomainAxis>
      <rangeCrosshairLockedOnData>true</rangeCrosshairLockedOnData>
      <rangeCrosshairValue>0.0</rangeCrosshairValue>
      <rangeCrosshairVisible>false</rangeCrosshairVisible>
      <rangeGridlinesVisible>true</rangeGridlinesVisible>
      <rangeMinorGridlinesVisible>false</rangeMinorGridlinesVisible>
      <rangePannable>false</rangePannable>
      <rangeZeroBaselineVisible>false</rangeZeroBaselineVisible>
      <weight>0</weight>
      <annotations/>
      <axisOffset>
        <unitType reference="../../../../org.jfree.chart.plot.Plot/default/insets/unitType"/>
        <top>4.0</top>
        <left>4.0</left>
        <bottom>4.0</bottom>
        <right>4.0</right>
      </axisOffset>
      <backgroundDomainMarkers/>
      <backgroundRangeMarkers/>
      <columnRenderingOrder>
        <name>SortOrder.ASCENDING</name>
      </columnRenderingOrder>
      <datasetToDomainAxesMap>
        <entry>
          <int>0</int>
          <list>
            <int>0</int>
          </list>
        </entry>
      </datasetToDomainAxesMap>
      <datasetToRangeAxesMap>
        <entry>
          <int>0</int>
          <list>
            <int>0</int>
          </list>
        </entry>
      </datasetToRangeAxesMap>
      <datasets serialization="custom">
        <org.jfree.chart.util.AbstractObjectList>
          <default>
            <increment>8</increment>
            <size>1</size>
          </default>
          <int>1</int>
          <int>0</int>
          <org.jfree.data.category.DefaultCategoryDataset serialization="custom">
            <org.jfree.data.general.AbstractDataset>
              <default>
                <group>
                  <id>NOID</id>
                </group>
              </default>
            </org.jfree.data.general.AbstractDataset>
            <org.jfree.data.category.AbstractCategoryDataset>
              <default>
                <selectionState class="org.jfree.data.category.DefaultCategoryDataset" reference="../../.."/>
              </default>
            </org.jfree.data.category.AbstractCategoryDataset>
            <org.jfree.data.category.DefaultCategoryDataset>
              <default>
                <data>
                  <rowKeys>
                    <string>S1</string>
                  </rowKeys>
                  <columnKeys>
                    <string>C1</string>
                  </columnKeys>
                  <rows>
                    <org.jfree.data.KeyedObjects>
                      <data>
                        <org.jfree.data.KeyedObject>
                          <key class="string">C1</key>
                          <object class="org.jfree.data.SelectableValue">
                            <value class="double">5.0</value>
                            <selected>false</selected>
                          </object>
                        </org.jfree.data.KeyedObject>
                      </data>
                    </org.jfree.data.KeyedObjects>
                  </rows>
                </data>
              </default>
            </org.jfree.data.category.DefaultCategoryDataset>
          </org.jfree.data.category.DefaultCategoryDataset>
        </org.jfree.chart.util.AbstractObjectList>
      </datasets>
      <domainAxes serialization="custom">
        <org.jfree.chart.util.AbstractObjectList>
          <default>
            <increment>8</increment>
            <size>1</size>
          </default>
          <int>1</int>
          <int>-1</int>
        </org.jfree.chart.util.AbstractObjectList>
      </domainAxes>
      <domainAxisLocations serialization="custom">
        <org.jfree.chart.util.AbstractObjectList>
          <default>
            <increment>8</increment>
            <size>1</size>
          </default>
          <int>1</int>
          <int>0</int>
          <org.jfree.chart.axis.AxisLocation>
            <name>AxisLocation.BOTTOM_OR_LEFT</name>
          </org.jfree.chart.axis.AxisLocation>
        </org.jfree.chart.util.AbstractObjectList>
      </domainAxisLocations>
      <domainGridlinePosition>
        <name>CategoryAnchor.MIDDLE</name>
      </domainGridlinePosition>
      <foregroundDomainMarkers/>
      <foregroundRangeMarkers/>
      <orientation>
        <name>PlotOrientation.VERTICAL</name>
      </orientation>
      <rangeAxes serialization="custom">
        <org.jfree.chart.util.AbstractObjectList>
          <default>
            <increment>8</increment>
            <size>1</size>
          </default>
          <int>1</int>
          <int>-1</int>
        </org.jfree.chart.util.AbstractObjectList>
      </rangeAxes>
      <rangeAxisLocations serialization="custom">
        <org.jfree.chart.util.AbstractObjectList>
          <default>
            <increment>8</increment>
            <size>1</size>
          </default>
          <int>1</int>
          <int>0</int>
          <org.jfree.chart.axis.AxisLocation>
            <name>AxisLocation.TOP_OR_LEFT</name>
          </org.jfree.chart.axis.AxisLocation>
        </org.jfree.chart.util.AbstractObjectList>
      </rangeAxisLocations>
      <renderers serialization="custom">
        <org.jfree.chart.util.AbstractObjectList>
          <default>
            <increment>8</increment>
            <size>1</size>
          </default>
          <int>1</int>
          <int>0</int>
          <org.jfree.chart.renderer.category.LineAndShapeRenderer serialization="custom">
            <org.jfree.chart.renderer.AbstractRenderer>
              <default>
                <autoPopulateSeriesFillPaint>false</autoPopulateSeriesFillPaint>
                <autoPopulateSeriesOutlinePaint>false</autoPopulateSeriesOutlinePaint>
                <autoPopulateSeriesOutlineStroke>false</autoPopulateSeriesOutlineStroke>
                <autoPopulateSeriesPaint>true</autoPopulateSeriesPaint>
                <autoPopulateSeriesShape>true</autoPopulateSeriesShape>
                <autoPopulateSeriesStroke>true</autoPopulateSeriesStroke>
                <baseCreateEntities>true</baseCreateEntities>
                <baseItemLabelsVisible>false</baseItemLabelsVisible>
                <baseSeriesVisible>true</baseSeriesVisible>
                <baseSeriesVisibleInLegend>true</baseSeriesVisibleInLegend>
                <dataBoundsIncludesVisibleSeriesOnly>true</dataBoundsIncludesVisibleSeriesOnly>
                <defaultEntityRadius>3</defaultEntityRadius>
                <itemLabelAnchorOffset>2.0</itemLabelAnchorOffset>
                <treatLegendShapeAsLine>false</treatLegendShapeAsLine>
                <baseItemLabelFont>
                  <family class="string">Tahoma</family>
                  <transform class="null"/>
                  <superscript class="null"/>
                  <size class="float">10.0</size>
                  <tracking class="null"/>
                  <weight class="null"/>
                  <posture class="null"/>
                  <width class="null"/>
                </baseItemLabelFont>
                <baseNegativeItemLabelPosition>
                  <itemLabelAnchor>
                    <name>ItemLabelAnchor.OUTSIDE6</name>
                  </itemLabelAnchor>
                  <textAnchor>
                    <name>TextAnchor.TOP_CENTER</name>
                  </textAnchor>
                  <rotationAnchor>
                    <name>TextAnchor.CENTER</name>
                  </rotationAnchor>
                  <angle>0.0</angle>
                </baseNegativeItemLabelPosition>
                <basePositiveItemLabelPosition>
                  <itemLabelAnchor>
                    <name>ItemLabelAnchor.OUTSIDE12</name>
                  </itemLabelAnchor>
                  <textAnchor>
                    <name>TextAnchor.BOTTOM_CENTER</name>
                  </textAnchor>
                  <rotationAnchor reference="../../baseNegativeItemLabelPosition/rotationAnchor"/>
                  <angle>0.0</angle>
                </basePositiveItemLabelPosition>
                <createEntitiesList serialization="custom">
                  <org.jfree.chart.util.AbstractObjectList>
                    <default>
                      <increment>8</increment>
                      <size>0</size>
                    </default>
                    <int>0</int>
                  </org.jfree.chart.util.AbstractObjectList>
                </createEntitiesList>
                <fillPaintList serialization="custom">
                  <org.jfree.chart.util.AbstractObjectList>
                    <default>
                      <increment>8</increment>
                      <size>0</size>
                    </default>
                    <int>0</int>
                  </org.jfree.chart.util.AbstractObjectList>
                  <org.jfree.chart.util.PaintList>
                    <default/>
                    <int>0</int>
                  </org.jfree.chart.util.PaintList>
                </fillPaintList>
                <itemLabelFontList serialization="custom">
                  <org.jfree.chart.util.AbstractObjectList>
                    <default>
                      <increment>8</increment>
                      <size>0</size>
                    </default>
                    <int>0</int>
                  </org.jfree.chart.util.AbstractObjectList>
                </itemLabelFontList>
                <itemLabelPaintList serialization="custom">
                  <org.jfree.chart.util.AbstractObjectList>
                    <default>
                      <increment>8</increment>
                      <size>0</size>
                    </default>
                    <int>0</int>
                  </org.jfree.chart.util.AbstractObjectList>
                  <org.jfree.chart.util.PaintList>
                    <default/>
                    <int>0</int>
                  </org.jfree.chart.util.PaintList>
                </itemLabelPaintList>
                <itemLabelsVisibleList serialization="custom">
                  <org.jfree.chart.util.AbstractObjectList>
                    <default>
                      <increment>8</increment>
                      <size>0</size>
                    </default>
                    <int>0</int>
                  </org.jfree.chart.util.AbstractObjectList>
                </itemLabelsVisibleList>
                <legendShapeList serialization="custom">
                  <org.jfree.chart.util.AbstractObjectList>
                    <default>
                      <increment>8</increment>
                      <size>0</size>
                    </default>
                    <int>0</int>
                  </org.jfree.chart.util.AbstractObjectList>
                  <org.jfree.chart.util.ShapeList>
                    <default/>
                    <int>0</int>
                  </org.jfree.chart.util.ShapeList>
                </legendShapeList>
                <legendTextFont serialization="custom">
                  <org.jfree.chart.util.AbstractObjectList>
                    <default>
                      <increment>8</increment>
                      <size>0</size>
                    </default>
                    <int>0</int>
                  </org.jfree.chart.util.AbstractObjectList>
                </legendTextFont>
                <legendTextPaint serialization="custom">
                  <org.jfree.chart.util.AbstractObjectList>
                    <default>
                      <increment>8</increment>
                      <size>0</size>
                    </default>
                    <int>0</int>
                  </org.jfree.chart.util.AbstractObjectList>
                  <org.jfree.chart.util.PaintList>
                    <default/>
                    <int>0</int>
                  </org.jfree.chart.util.PaintList>
                </legendTextPaint>
                <negativeItemLabelPositionList serialization="custom">
                  <org.jfree.chart.util.AbstractObjectList>
                    <default>
                      <increment>8</increment>
                      <size>0</size>
                    </default>
                    <int>0</int>
                  </org.jfree.chart.util.AbstractObjectList>
                </negativeItemLabelPositionList>
                <outlinePaintList serialization="custom">
                  <org.jfree.chart.util.AbstractObjectList>
                    <default>
                      <increment>8</increment>
                      <size>0</size>
                    </default>
                    <int>0</int>
                  </org.jfree.chart.util.AbstractObjectList>
                  <org.jfree.chart.util.PaintList>
                    <default/>
                    <int>0</int>
                  </org.jfree.chart.util.PaintList>
                </outlinePaintList>
                <outlineStrokeList serialization="custom">
                  <org.jfree.chart.util.AbstractObjectList>
                    <default>
                      <increment>8</increment>
                      <size>0</size>
                    </default>
                    <int>0</int>
                  </org.jfree.chart.util.AbstractObjectList>
                  <org.jfree.chart.util.StrokeList>
                    <default/>
                    <int>0</int>
                  </org.jfree.chart.util.StrokeList>
                </outlineStrokeList>
                <paintList serialization="custom">
                  <org.jfree.chart.util.AbstractObjectList>
                    <default>
                      <increment>8</increment>
                      <size>1</size>
                    </default>
                    <int>1</int>
                    <int>0</int>
                    <awt-color reference="../../../../../../../../../../org.jfree.chart.plot.Plot/default/drawingSupplier/org.jfree.chart.plot.DefaultDrawingSupplier/awt-color"/>
                  </org.jfree.chart.util.AbstractObjectList>
                  <org.jfree.chart.util.PaintList>
                    <default/>
                    <int>1</int>
                    <int>0</int>
                    <boolean>false</boolean>
                    <java-class>java.awt.Color</java-class>
                    <awt-color reference="../../../../../../../../../../org.jfree.chart.plot.Plot/default/drawingSupplier/org.jfree.chart.plot.DefaultDrawingSupplier/awt-color"/>
                  </org.jfree.chart.util.PaintList>
                </paintList>
                <positiveItemLabelPositionList serialization="custom">
                  <org.jfree.chart.util.AbstractObjectList>
                    <default>
                      <increment>8</increment>
                      <size>0</size>
                    </default>
                    <int>0</int>
                  </org.jfree.chart.util.AbstractObjectList>
                </positiveItemLabelPositionList>
                <selectedItemAttributes>
                  <allowNull>false</allowNull>
                  <paintList serialization="custom">
                    <org.jfree.chart.util.AbstractObjectList>
                      <default>
                        <increment>8</increment>
                        <size>0</size>
                      </default>
                      <int>0</int>
                    </org.jfree.chart.util.AbstractObjectList>
                    <org.jfree.chart.util.PaintList>
                      <default/>
                      <int>0</int>
                    </org.jfree.chart.util.PaintList>
                  </paintList>
                  <strokeList serialization="custom">
                    <org.jfree.chart.util.AbstractObjectList>
                      <default>
                        <increment>8</increment>
                        <size>0</size>
                      </default>
                      <int>0</int>
                    </org.jfree.chart.util.AbstractObjectList>
                    <org.jfree.chart.util.StrokeList>
                      <default/>
                      <int>0</int>
                    </org.jfree.chart.util.StrokeList>
                  </strokeList>
                  <shapeList serialization="custom">
                    <org.jfree.chart.util.AbstractObjectList>
                      <default>
                        <increment>8</increment>
                        <size>0</size>
                      </default>
                      <int>0</int>
                    </org.jfree.chart.util.AbstractObjectList>
                    <org.jfree.chart.util.ShapeList>
                      <default/>
                      <int>0</int>
                    </org.jfree.chart.util.ShapeList>
                  </shapeList>
                  <fillPaintList serialization="custom">
                    <org.jfree.chart.util.AbstractObjectList>
                      <default>
                        <increment>8</increment>
                        <size>0</size>
                      </default>
                      <int>0</int>
                    </org.jfree.chart.util.AbstractObjectList>
                    <org.jfree.chart.util.PaintList>
                      <default/>
                      <int>0</int>
                    </org.jfree.chart.util.PaintList>
                  </fillPaintList>
                  <defaultFillPaint class="awt-color">
                    <red>255</red>
                    <green>255</green>
                    <blue>255</blue>
                    <alpha>255</alpha>
                  </defaultFillPaint>
                  <outlinePaintList serialization="custom">
                    <org.jfree.chart.util.AbstractObjectList>
                      <default>
                        <increment>8</increment>
                        <size>0</size>
                      </default>
                      <int>0</int>
                    </org.jfree.chart.util.AbstractObjectList>
                    <org.jfree.chart.util.PaintList>
                      <default/>
                      <int>0</int>
                    </org.jfree.chart.util.PaintList>
                  </outlinePaintList>
                </selectedItemAttributes>
                <seriesVisibleInLegendList serialization="custom">
                  <org.jfree.chart.util.AbstractObjectList>
                    <default>
                      <increment>8</increment>
                      <size>0</size>
                    </default>
                    <int>0</int>
                  </org.jfree.chart.util.AbstractObjectList>
                </seriesVisibleInLegendList>
                <seriesVisibleList serialization="custom">
                  <org.jfree.chart.util.AbstractObjectList>
                    <default>
                      <increment>8</increment>
                      <size>0</size>
                    </default>
                    <int>0</int>
                  </org.jfree.chart.util.AbstractObjectList>
                </seriesVisibleList>
                <shapeList serialization="custom">
                  <org.jfree.chart.util.AbstractObjectList>
                    <default>
                      <increment>8</increment>
                      <size>1</size>
                    </default>
                    <int>1</int>
                    <int>0</int>
                    <java.awt.geom.Rectangle2D_-Double>
                      <x>-3.0</x>
                      <y>-3.0</y>
                      <width>6.0</width>
                      <height>6.0</height>
                    </java.awt.geom.Rectangle2D_-Double>
                  </org.jfree.chart.util.AbstractObjectList>
                  <org.jfree.chart.util.ShapeList>
                    <default/>
                    <int>1</int>
                    <int>0</int>
                    <boolean>false</boolean>
                    <java-class>java.awt.geom.Rectangle2D</java-class>
                    <double>-3.0</double>
                    <double>-3.0</double>
                    <double>6.0</double>
                    <double>6.0</double>
                  </org.jfree.chart.util.ShapeList>
                </shapeList>
                <strokeList serialization="custom">
                  <org.jfree.chart.util.AbstractObjectList>
                    <default>
                      <increment>8</increment>
                      <size>1</size>
                    </default>
                    <int>1</int>
                    <int>-1</int>
                  </org.jfree.chart.util.AbstractObjectList>
                  <org.jfree.chart.util.StrokeList>
                    <default/>
                    <int>1</int>
                    <int>0</int>
                    <boolean>false</boolean>
                    <java-class>java.awt.BasicStroke</java-class>
                    <float>1.0</float>
                    <int>2</int>
                    <int>2</int>
                    <float>10.0</float>
                    <null/>
                    <float>0.0</float>
                  </org.jfree.chart.util.StrokeList>
                </strokeList>
              </default>
              <boolean>false</boolean>
              <java-class>java.awt.Color</java-class>
              <awt-color>
                <red>0</red>
                <green>0</green>
                <blue>255</blue>
                <alpha>255</alpha>
              </awt-color>
              <boolean>false</boolean>
              <java-class>java.awt.Color</java-class>
              <awt-color reference="../default/selectedItemAttributes/defaultFillPaint"/>
              <boolean>false</boolean>
              <java-class>java.awt.Color</java-class>
              <awt-color reference="../../../../../../../org.jfree.chart.plot.Plot/default/drawingSupplier/org.jfree.chart.plot.DefaultDrawingSupplier/awt-color[8]"/>
              <boolean>false</boolean>
              <java-class>java.awt.BasicStroke</java-class>
              <float>1.0</float>
              <int>2</int>
              <int>0</int>
              <float>10.0</float>
              <null/>
              <float>0.0</float>
              <boolean>false</boolean>
              <java-class>java.awt.BasicStroke</java-class>
              <float>1.0</float>
              <int>2</int>
              <int>0</int>
              <float>10.0</float>
              <null/>
              <float>0.0</float>
              <boolean>false</boolean>
              <java-class>java.awt.geom.Rectangle2D</java-class>
              <double>-3.0</double>
              <double>-3.0</double>
              <double>6.0</double>
              <double>6.0</double>
              <boolean>false</boolean>
              <java-class>java.awt.Color</java-class>
              <awt-color reference="../../../../../../../org.jfree.chart.plot.Plot/awt-color"/>
              <boolean>true</boolean>
              <boolean>true</boolean>
            </org.jfree.chart.renderer.AbstractRenderer>
            <org.jfree.chart.renderer.category.AbstractCategoryItemRenderer>
              <default>
                <backgroundAnnotations/>
                <foregroundAnnotations/>
                <itemLabelGeneratorList serialization="custom">
                  <org.jfree.chart.util.AbstractObjectList>
                    <default>
                      <increment>8</increment>
                      <size>0</size>
                    </default>
                    <int>0</int>
                  </org.jfree.chart.util.AbstractObjectList>
                </itemLabelGeneratorList>
                <legendItemLabelGenerator class="org.jfree.chart.labels.StandardCategorySeriesLabelGenerator">
                  <formatPattern>{0}</formatPattern>
                </legendItemLabelGenerator>
                <plot reference="../../../../../../../.."/>
                <toolTipGeneratorList serialization="custom">
                  <org.jfree.chart.util.AbstractObjectList>
                    <default>
                      <increment>8</increment>
                      <size>0</size>
                    </default>
                    <int>0</int>
                  </org.jfree.chart.util.AbstractObjectList>
                </toolTipGeneratorList>
                <urlGeneratorList serialization="custom">
                  <org.jfree.chart.util.AbstractObjectList>
                    <default>
                      <increment>8</increment>
                      <size>0</size>
                    </default>
                    <int>0</int>
                  </org.jfree.chart.util.AbstractObjectList>
                </urlGeneratorList>
              </default>
            </org.jfree.chart.renderer.category.AbstractCategoryItemRenderer>
            <org.jfree.chart.renderer.category.LineAndShapeRenderer>
              <default>
                <baseLinesVisible>true</baseLinesVisible>
                <baseShapesFilled>true</baseShapesFilled>
                <baseShapesVisible>true</baseShapesVisible>
                <drawOutlines>true</drawOutlines>
                <itemMargin>0.0</itemMargin>
                <useFillPaint>false</useFillPaint>
                <useOutlinePaint>false</useOutlinePaint>
                <useSeriesOffset>false</useSeriesOffset>
                <seriesLinesVisible serialization="custom">
                  <org.jfree.chart.util.AbstractObjectList>
                    <default>
                      <increment>8</increment>
                      <size>0</size>
                    </default>
                    <int>0</int>
                  </org.jfree.chart.util.AbstractObjectList>
                </seriesLinesVisible>
                <seriesShapesFilled serialization="custom">
                  <org.jfree.chart.util.AbstractObjectList>
                    <default>
                      <increment>8</increment>
                      <size>0</size>
                    </default>
                    <int>0</int>
                  </org.jfree.chart.util.AbstractObjectList>
                </seriesShapesFilled>
                <seriesShapesVisible serialization="custom">
                  <org.jfree.chart.util.AbstractObjectList>
                    <default>
                      <increment>8</increment>
                      <size>0</size>
                    </default>
                    <int>0</int>
                  </org.jfree.chart.util.AbstractObjectList>
                </seriesShapesVisible>
              </default>
            </org.jfree.chart.renderer.category.LineAndShapeRenderer>
          </org.jfree.chart.renderer.category.LineAndShapeRenderer>
        </org.jfree.chart.util.AbstractObjectList>
      </renderers>
      <renderingOrder>
        <name>DatasetRenderingOrder.REVERSE</name>
      </renderingOrder>
      <rowRenderingOrder reference="../columnRenderingOrder"/>
      <shadowGenerator class="org.jfree.chart.util.DefaultShadowGenerator">
        <shadowSize>5</shadowSize>
        <shadowColor reference="../../../../org.jfree.chart.plot.Plot/awt-color"/>
        <shadowOpacity>0.5</shadowOpacity>
        <angle>-0.7853981633974483</angle>
        <distance>5</distance>
      </shadowGenerator>
    </default>
    <boolean>false</boolean>
    <java-class>java.awt.BasicStroke</java-class>
    <float>0.5</float>
    <int>0</int>
    <int>2</int>
    <float>0.0</float>
    <float-array>
      <float>2.0</float>
      <float>2.0</float>
    </float-array>
    <float>0.0</float>
    <boolean>false</boolean>
    <java-class>java.awt.Color</java-class>
    <awt-color reference="../default/renderers/org.jfree.chart.util.AbstractObjectList/org.jfree.chart.renderer.category.LineAndShapeRenderer/org.jfree.chart.renderer.AbstractRenderer/default/selectedItemAttributes/defaultFillPaint"/>
    <boolean>false</boolean>
    <java-class>java.awt.BasicStroke</java-class>
    <float>0.5</float>
    <int>0</int>
    <int>2</int>
    <float>0.0</float>
    <float-array>
      <float>2.0</float>
      <float>2.0</float>
    </float-array>
    <float>0.0</float>
    <boolean>false</boolean>
    <java-class>java.awt.Color</java-class>
    <awt-color reference="../default/renderers/org.jfree.chart.util.AbstractObjectList/org.jfree.chart.renderer.category.LineAndShapeRenderer/org.jfree.chart.renderer.AbstractRenderer/default/selectedItemAttributes/defaultFillPaint"/>
    <boolean>false</boolean>
    <java-class>java.awt.BasicStroke</java-class>
    <float>0.5</float>
    <int>0</int>
    <int>2</int>
    <float>0.0</float>
    <float-array>
      <float>2.0</float>
      <float>2.0</float>
    </float-array>
    <float>0.0</float>
    <boolean>false</boolean>
    <java-class>java.awt.Color</java-class>
    <awt-color reference="../default/renderers/org.jfree.chart.util.AbstractObjectList/org.jfree.chart.renderer.category.LineAndShapeRenderer/org.jfree.chart.renderer.AbstractRenderer/awt-color"/>
    <boolean>false</boolean>
    <java-class>java.awt.BasicStroke</java-class>
    <float>0.5</float>
    <int>0</int>
    <int>2</int>
    <float>0.0</float>
    <float-array>
      <float>2.0</float>
      <float>2.0</float>
    </float-array>
    <float>0.0</float>
    <boolean>false</boolean>
    <java-class>java.awt.Color</java-class>
    <awt-color reference="../default/renderers/org.jfree.chart.util.AbstractObjectList/org.jfree.chart.renderer.category.LineAndShapeRenderer/org.jfree.chart.renderer.AbstractRenderer/awt-color"/>
    <boolean>false</boolean>
    <java-class>java.awt.BasicStroke</java-class>
    <float>0.5</float>
    <int>0</int>
    <int>2</int>
    <float>0.0</float>
    <float-array>
      <float>2.0</float>
      <float>2.0</float>
    </float-array>
    <float>0.0</float>
    <boolean>false</boolean>
    <java-class>java.awt.Color</java-class>
    <awt-color reference="../default/renderers/org.jfree.chart.util.AbstractObjectList/org.jfree.chart.renderer.category.LineAndShapeRenderer/org.jfree.chart.renderer.AbstractRenderer/default/selectedItemAttributes/defaultFillPaint"/>
    <boolean>false</boolean>
    <java-class>java.awt.BasicStroke</java-class>
    <float>0.5</float>
    <int>2</int>
    <int>0</int>
    <float>10.0</float>
    <null/>
    <float>0.0</float>
    <boolean>false</boolean>
    <java-class>java.awt.Color</java-class>
    <awt-color reference="../../org.jfree.chart.plot.Plot/awt-color"/>
  </org.jfree.chart.plot.CategoryPlot>
</org.jfree.chart.plot.CategoryPlot>